<?xml version="1.0" encoding="UTF-8"?>
<testng-results ignored="0" total="1" passed="1" failed="0" skipped="0">
  <reporter-output>
  </reporter-output>
  <suite started-at="2020-08-18T13:33:45 CDT" name="Surefire suite" finished-at="2020-08-18T13:33:53 CDT" duration-ms="8645">
    <groups>
    </groups>
    <test started-at="2020-08-18T13:33:45 CDT" name="Surefire test" finished-at="2020-08-18T13:33:53 CDT" duration-ms="8645">
      <class name="action_frame.frameTest">
        <test-method signature="able()[pri:3, instance:action_frame.frameTest@5579bb86]" started-at="2020-08-18T13:33:45 CDT" name="able" finished-at="2020-08-18T13:33:53 CDT" duration-ms="8616" status="PASS">
          <reporter-output>
          </reporter-output>
        </test-method> <!-- able -->
      </class> <!-- action_frame.frameTest -->
    </test> <!-- Surefire test -->
  </suite> <!-- Surefire suite -->
</testng-results>
